2023-04-16 20:39:34,712 INFO daemonizing the supervisord process
2023-04-16 21:05:24,007 INFO daemonizing the supervisord process
2023-04-16 21:05:24,010 INFO supervisord started with pid 30
2023-04-16 21:05:25,018 INFO spawnerr: unknown error making dispatchers for 'horizon': EACCES
2023-04-16 21:05:26,025 INFO spawnerr: unknown error making dispatchers for 'horizon': EACCES
2023-04-16 21:05:28,036 INFO spawnerr: unknown error making dispatchers for 'horizon': EACCES
2023-04-16 21:05:31,051 INFO spawnerr: unknown error making dispatchers for 'horizon': EACCES
2023-04-16 21:05:31,055 INFO gave up: horizon entered FATAL state, too many start retries too quickly
2023-04-16 21:16:41,515 INFO daemonizing the supervisord process
2023-04-16 21:16:41,517 INFO supervisord started with pid 47
2023-04-16 21:16:42,523 INFO spawnerr: unknown error making dispatchers for 'horizon': EACCES
2023-04-16 21:16:43,535 INFO spawnerr: unknown error making dispatchers for 'horizon': EACCES
2023-04-16 21:16:45,543 INFO spawnerr: unknown error making dispatchers for 'horizon': EACCES
2023-04-16 21:16:48,559 INFO spawnerr: unknown error making dispatchers for 'horizon': EACCES
2023-04-16 21:16:48,565 INFO gave up: horizon entered FATAL state, too many start retries too quickly
2023-04-16 21:20:44,451 INFO daemonizing the supervisord process
2023-04-16 21:20:44,456 INFO supervisord started with pid 30
2023-04-16 21:20:45,462 INFO spawnerr: unknown error making dispatchers for 'horizon': EACCES
2023-04-16 21:20:46,474 INFO spawnerr: unknown error making dispatchers for 'horizon': EACCES
2023-04-16 21:20:48,490 INFO spawnerr: unknown error making dispatchers for 'horizon': EACCES
2023-04-16 21:20:51,507 INFO spawnerr: unknown error making dispatchers for 'horizon': EACCES
2023-04-16 21:20:51,511 INFO gave up: horizon entered FATAL state, too many start retries too quickly
2023-04-16 21:21:52,864 INFO daemonizing the supervisord process
2023-04-16 21:21:52,867 INFO supervisord started with pid 43
2023-04-16 21:21:53,873 INFO spawnerr: unknown error making dispatchers for 'horizon': EACCES
2023-04-16 21:21:54,883 INFO spawnerr: unknown error making dispatchers for 'horizon': EACCES
2023-04-16 21:21:56,891 INFO spawnerr: unknown error making dispatchers for 'horizon': EACCES
2023-04-16 21:21:59,906 INFO spawnerr: unknown error making dispatchers for 'horizon': EACCES
2023-04-16 21:21:59,911 INFO gave up: horizon entered FATAL state, too many start retries too quickly
2023-04-16 21:23:32,597 INFO daemonizing the supervisord process
2023-04-16 21:23:32,601 INFO supervisord started with pid 58
2023-04-16 21:23:33,607 INFO spawnerr: unknown error making dispatchers for 'horizon': EACCES
2023-04-16 21:23:34,617 INFO spawnerr: unknown error making dispatchers for 'horizon': EACCES
2023-04-16 21:23:36,628 INFO spawnerr: unknown error making dispatchers for 'horizon': EACCES
2023-04-16 21:23:39,639 INFO spawnerr: unknown error making dispatchers for 'horizon': EACCES
2023-04-16 21:23:39,639 INFO gave up: horizon entered FATAL state, too many start retries too quickly
2023-04-16 21:23:41,537 INFO daemonizing the supervisord process
2023-04-16 21:23:41,540 INFO supervisord started with pid 61
2023-04-16 21:23:42,548 INFO spawnerr: unknown error making dispatchers for 'horizon': EACCES
2023-04-16 21:23:43,557 INFO spawnerr: unknown error making dispatchers for 'horizon': EACCES
2023-04-16 21:23:45,567 INFO spawnerr: unknown error making dispatchers for 'horizon': EACCES
2023-04-16 21:23:48,578 INFO spawnerr: unknown error making dispatchers for 'horizon': EACCES
2023-04-16 21:23:48,579 INFO gave up: horizon entered FATAL state, too many start retries too quickly
2023-04-17 18:30:32,139 INFO daemonizing the supervisord process
2023-04-17 18:30:32,143 INFO supervisord started with pid 30
2023-04-17 18:30:33,149 INFO spawnerr: unknown error making dispatchers for 'horizon': EACCES
2023-04-17 18:30:34,159 INFO spawnerr: unknown error making dispatchers for 'horizon': EACCES
2023-04-17 18:30:36,173 INFO spawnerr: unknown error making dispatchers for 'horizon': EACCES
2023-04-17 18:30:39,194 INFO spawnerr: unknown error making dispatchers for 'horizon': EACCES
2023-04-17 18:30:39,198 INFO gave up: horizon entered FATAL state, too many start retries too quickly
2023-04-17 18:31:02,151 INFO daemonizing the supervisord process
2023-04-17 18:31:02,153 INFO supervisord started with pid 43
2023-04-17 18:31:03,158 INFO spawnerr: unknown error making dispatchers for 'horizon': EACCES
2023-04-17 18:31:04,167 INFO spawnerr: unknown error making dispatchers for 'horizon': EACCES
2023-04-17 18:31:05,265 INFO daemonizing the supervisord process
2023-04-17 18:31:05,267 INFO supervisord started with pid 49
2023-04-17 18:31:06,181 INFO spawnerr: unknown error making dispatchers for 'horizon': EACCES
2023-04-17 18:31:06,273 INFO spawnerr: unknown error making dispatchers for 'horizon': EACCES
2023-04-17 18:31:07,280 INFO spawnerr: unknown error making dispatchers for 'horizon': EACCES
2023-04-17 18:31:09,199 INFO spawnerr: unknown error making dispatchers for 'horizon': EACCES
2023-04-17 18:31:09,203 INFO gave up: horizon entered FATAL state, too many start retries too quickly
2023-04-17 18:31:09,291 INFO spawnerr: unknown error making dispatchers for 'horizon': EACCES
2023-04-17 18:31:12,310 INFO spawnerr: unknown error making dispatchers for 'horizon': EACCES
2023-04-17 18:31:12,314 INFO gave up: horizon entered FATAL state, too many start retries too quickly
2023-04-17 18:36:19,855 WARN Failed to clean up '/tmp/horizon-stderr---supervisor-wc3maoe8.log'
2023-04-17 18:36:19,858 INFO daemonizing the supervisord process
2023-04-17 18:36:19,861 INFO supervisord started with pid 29
2023-04-17 18:36:20,865 INFO spawnerr: unknown error making dispatchers for 'horizon': EACCES
2023-04-17 18:36:21,874 INFO spawnerr: unknown error making dispatchers for 'horizon': EACCES
2023-04-17 18:36:23,885 INFO spawnerr: unknown error making dispatchers for 'horizon': EACCES
2023-04-17 18:36:26,899 INFO spawnerr: unknown error making dispatchers for 'horizon': EACCES
2023-04-17 18:36:26,904 INFO gave up: horizon entered FATAL state, too many start retries too quickly
2023-04-17 18:36:53,579 WARN Failed to clean up '/tmp/horizon-stderr---supervisor-wc3maoe8.log'
2023-04-17 18:36:53,582 INFO daemonizing the supervisord process
2023-04-17 18:36:53,584 INFO supervisord started with pid 42
2023-04-17 18:36:54,592 INFO spawnerr: unknown error making dispatchers for 'horizon': EACCES
2023-04-17 18:36:55,600 INFO spawnerr: unknown error making dispatchers for 'horizon': EACCES
2023-04-17 18:36:57,140 WARN Failed to clean up '/tmp/horizon-stderr---supervisor-wc3maoe8.log'
2023-04-17 18:36:57,142 INFO daemonizing the supervisord process
2023-04-17 18:36:57,145 INFO supervisord started with pid 48
2023-04-17 18:36:57,607 INFO spawnerr: unknown error making dispatchers for 'horizon': EACCES
2023-04-17 18:36:58,152 INFO spawnerr: unknown error making dispatchers for 'horizon': EACCES
2023-04-17 18:36:59,164 INFO spawnerr: unknown error making dispatchers for 'horizon': EACCES
2023-04-17 18:37:00,622 INFO spawnerr: unknown error making dispatchers for 'horizon': EACCES
2023-04-17 18:37:00,625 INFO gave up: horizon entered FATAL state, too many start retries too quickly
2023-04-17 18:37:01,178 INFO spawnerr: unknown error making dispatchers for 'horizon': EACCES
2023-04-17 18:37:04,194 INFO spawnerr: unknown error making dispatchers for 'horizon': EACCES
2023-04-17 18:37:04,197 INFO gave up: horizon entered FATAL state, too many start retries too quickly
2023-04-17 18:37:11,667 CRIT Supervisor is running as root.  Privileges were not dropped because no user is specified in the config file.  If you intend to run as root, you can set user=root in the config file to avoid this message.
2023-04-17 18:37:11,670 INFO daemonizing the supervisord process
2023-04-17 18:37:11,672 INFO supervisord started with pid 64
2023-04-17 18:37:12,695 INFO spawned: 'horizon' with pid 65
2023-04-17 18:37:14,024 INFO success: horizon entered RUNNING state, process has stayed up for > than 1 seconds (startsecs)
2023-04-17 18:55:32,820 INFO daemonizing the supervisord process
2023-04-17 18:55:32,824 INFO supervisord started with pid 29
2023-04-17 18:55:33,829 INFO spawnerr: unknown error making dispatchers for 'horizon': EACCES
2023-04-17 18:55:34,846 INFO spawnerr: unknown error making dispatchers for 'horizon': EACCES
2023-04-17 18:55:36,858 INFO spawnerr: unknown error making dispatchers for 'horizon': EACCES
2023-04-17 18:55:39,875 INFO spawnerr: unknown error making dispatchers for 'horizon': EACCES
2023-04-17 18:55:39,877 INFO gave up: horizon entered FATAL state, too many start retries too quickly
2023-04-17 18:55:55,969 INFO daemonizing the supervisord process
2023-04-17 18:55:55,972 INFO supervisord started with pid 42
2023-04-17 18:55:56,982 INFO spawnerr: unknown error making dispatchers for 'horizon': EACCES
2023-04-17 18:55:57,990 INFO spawnerr: unknown error making dispatchers for 'horizon': EACCES
2023-04-17 18:56:00,012 INFO spawnerr: unknown error making dispatchers for 'horizon': EACCES
2023-04-17 18:56:03,022 INFO spawnerr: unknown error making dispatchers for 'horizon': EACCES
2023-04-17 18:56:03,026 INFO gave up: horizon entered FATAL state, too many start retries too quickly
2023-04-17 19:02:32,336 INFO Set uid to user 1000 succeeded
2023-04-17 19:02:32,340 INFO daemonizing the supervisord process
2023-04-17 19:02:32,342 INFO supervisord started with pid 30
2023-04-17 19:02:33,346 INFO spawnerr: unknown error making dispatchers for 'horizon': EACCES
2023-04-17 19:02:34,355 INFO spawnerr: unknown error making dispatchers for 'horizon': EACCES
2023-04-17 19:02:36,368 INFO spawnerr: unknown error making dispatchers for 'horizon': EACCES
2023-04-17 19:02:39,383 INFO spawnerr: unknown error making dispatchers for 'horizon': EACCES
2023-04-17 19:02:39,389 INFO gave up: horizon entered FATAL state, too many start retries too quickly
2023-04-17 19:03:20,521 INFO Set uid to user 1000 succeeded
2023-04-17 19:03:20,524 INFO daemonizing the supervisord process
2023-04-17 19:03:20,526 INFO supervisord started with pid 39
2023-04-17 19:03:21,534 INFO spawnerr: unknown error making dispatchers for 'horizon': EACCES
2023-04-17 19:03:22,552 INFO spawnerr: unknown error making dispatchers for 'horizon': EACCES
2023-04-17 19:03:24,563 INFO spawnerr: unknown error making dispatchers for 'horizon': EACCES
2023-04-17 19:03:27,585 INFO spawnerr: unknown error making dispatchers for 'horizon': EACCES
2023-04-17 19:03:27,590 INFO gave up: horizon entered FATAL state, too many start retries too quickly
2023-04-17 19:40:27,951 INFO daemonizing the supervisord process
2023-04-17 19:40:27,955 INFO supervisord started with pid 30
2023-04-17 19:40:28,958 INFO spawnerr: unknown error making dispatchers for 'horizon': EACCES
2023-04-17 19:40:29,967 INFO spawnerr: unknown error making dispatchers for 'horizon': EACCES
2023-04-17 19:40:31,979 INFO spawnerr: unknown error making dispatchers for 'horizon': EACCES
2023-04-17 19:40:34,996 INFO spawnerr: unknown error making dispatchers for 'horizon': EACCES
2023-04-17 19:40:34,999 INFO gave up: horizon entered FATAL state, too many start retries too quickly
2023-04-17 19:41:11,816 INFO daemonizing the supervisord process
2023-04-17 19:41:11,820 INFO supervisord started with pid 43
2023-04-17 19:41:12,825 INFO spawnerr: unknown error making dispatchers for 'horizon': EACCES
2023-04-17 19:41:13,835 INFO spawnerr: unknown error making dispatchers for 'horizon': EACCES
2023-04-17 19:41:15,848 INFO spawnerr: unknown error making dispatchers for 'horizon': EACCES
2023-04-17 19:41:18,861 INFO spawnerr: unknown error making dispatchers for 'horizon': EACCES
2023-04-17 19:41:18,863 INFO gave up: horizon entered FATAL state, too many start retries too quickly
2023-04-17 19:45:48,914 INFO daemonizing the supervisord process
2023-04-17 19:45:48,917 INFO supervisord started with pid 8
2023-04-17 19:45:49,920 INFO spawnerr: unknown error making dispatchers for 'horizon': EACCES
2023-04-17 19:45:50,920 INFO spawnerr: unknown error making dispatchers for 'horizon': EACCES
2023-04-17 19:45:52,922 INFO spawnerr: unknown error making dispatchers for 'horizon': EACCES
2023-04-17 19:45:55,925 INFO spawnerr: unknown error making dispatchers for 'horizon': EACCES
2023-04-17 19:45:55,926 INFO gave up: horizon entered FATAL state, too many start retries too quickly
2023-04-17 19:46:21,003 INFO daemonizing the supervisord process
2023-04-17 19:46:21,009 INFO supervisord started with pid 17
2023-04-17 19:46:22,014 INFO spawnerr: unknown error making dispatchers for 'horizon': EACCES
2023-04-17 19:46:23,023 INFO spawnerr: unknown error making dispatchers for 'horizon': EACCES
2023-04-17 19:46:25,032 INFO spawnerr: unknown error making dispatchers for 'horizon': EACCES
2023-04-17 19:46:28,046 INFO spawnerr: unknown error making dispatchers for 'horizon': EACCES
2023-04-17 19:46:28,051 INFO gave up: horizon entered FATAL state, too many start retries too quickly
2023-04-17 19:46:50,471 INFO daemonizing the supervisord process
2023-04-17 19:46:50,473 INFO supervisord started with pid 33
2023-04-17 19:46:51,480 INFO spawnerr: unknown error making dispatchers for 'horizon': EACCES
2023-04-17 19:46:52,487 INFO spawnerr: unknown error making dispatchers for 'horizon': EACCES
2023-04-17 19:46:54,493 INFO spawnerr: unknown error making dispatchers for 'horizon': EACCES
2023-04-17 19:46:57,506 INFO spawnerr: unknown error making dispatchers for 'horizon': EACCES
2023-04-17 19:46:57,510 INFO gave up: horizon entered FATAL state, too many start retries too quickly
2023-04-17 19:47:39,639 INFO supervisord started with pid 39
2023-04-17 19:47:40,643 INFO spawnerr: unknown error making dispatchers for 'horizon': EACCES
2023-04-17 19:47:41,652 INFO spawnerr: unknown error making dispatchers for 'horizon': EACCES
2023-04-17 19:47:43,670 INFO spawnerr: unknown error making dispatchers for 'horizon': EACCES
2023-04-17 19:47:46,691 INFO spawnerr: unknown error making dispatchers for 'horizon': EACCES
2023-04-17 19:47:46,698 INFO gave up: horizon entered FATAL state, too many start retries too quickly
2023-04-17 19:50:12,166 WARN received SIGINT indicating exit request
2023-04-17 19:52:07,683 INFO daemonizing the supervisord process
2023-04-17 19:52:07,685 INFO supervisord started with pid 8
2023-04-17 19:52:08,687 INFO spawnerr: unknown error making dispatchers for 'horizon': EACCES
2023-04-17 19:52:09,689 INFO spawnerr: unknown error making dispatchers for 'horizon': EACCES
2023-04-17 19:52:11,691 INFO spawnerr: unknown error making dispatchers for 'horizon': EACCES
2023-04-17 19:52:14,694 INFO spawnerr: unknown error making dispatchers for 'horizon': EACCES
2023-04-17 19:52:14,694 INFO gave up: horizon entered FATAL state, too many start retries too quickly
2023-04-17 19:52:46,471 INFO supervisord started with pid 22
2023-04-17 19:52:47,477 INFO spawnerr: unknown error making dispatchers for 'horizon': EACCES
2023-04-17 19:52:48,493 INFO spawnerr: unknown error making dispatchers for 'horizon': EACCES
2023-04-17 19:52:50,517 INFO spawnerr: unknown error making dispatchers for 'horizon': EACCES
2023-04-17 19:52:53,531 INFO spawnerr: unknown error making dispatchers for 'horizon': EACCES
2023-04-17 19:52:53,540 INFO gave up: horizon entered FATAL state, too many start retries too quickly
2023-04-17 19:54:56,153 INFO daemonizing the supervisord process
2023-04-17 19:54:56,160 INFO supervisord started with pid 7
2023-04-17 19:54:57,162 INFO spawnerr: unknown error making dispatchers for 'horizon': EACCES
2023-04-17 19:54:58,164 INFO spawnerr: unknown error making dispatchers for 'horizon': EACCES
2023-04-17 19:55:00,167 INFO spawnerr: unknown error making dispatchers for 'horizon': EACCES
2023-04-17 19:55:03,170 INFO spawnerr: unknown error making dispatchers for 'horizon': EACCES
2023-04-17 19:55:03,171 INFO gave up: horizon entered FATAL state, too many start retries too quickly
2023-04-17 19:55:18,424 INFO supervisord started with pid 15
2023-04-17 19:55:19,425 INFO spawnerr: unknown error making dispatchers for 'horizon': EACCES
2023-04-17 19:55:20,430 INFO spawnerr: unknown error making dispatchers for 'horizon': EACCES
2023-04-17 19:55:22,447 INFO spawnerr: unknown error making dispatchers for 'horizon': EACCES
2023-04-17 19:55:23,463 WARN received SIGINT indicating exit request
2023-04-17 19:55:27,189 INFO Set uid to user 1000 succeeded
2023-04-17 19:55:27,192 INFO supervisord started with pid 16
2023-04-17 19:55:28,196 INFO spawnerr: unknown error making dispatchers for 'horizon': EACCES
2023-04-17 19:55:29,206 INFO spawnerr: unknown error making dispatchers for 'horizon': EACCES
2023-04-17 19:55:31,213 INFO spawnerr: unknown error making dispatchers for 'horizon': EACCES
2023-04-17 19:55:34,241 INFO spawnerr: unknown error making dispatchers for 'horizon': EACCES
2023-04-17 19:55:34,244 INFO gave up: horizon entered FATAL state, too many start retries too quickly
2023-04-17 19:57:02,551 WARN received SIGINT indicating exit request
2023-04-17 20:08:27,503 INFO Set uid to user 1000 succeeded
2023-04-17 20:08:27,508 INFO daemonizing the supervisord process
2023-04-17 20:08:27,510 INFO supervisord started with pid 9
2023-04-17 20:08:28,512 INFO spawnerr: unknown error making dispatchers for 'horizon': EACCES
2023-04-17 20:08:29,514 INFO spawnerr: unknown error making dispatchers for 'horizon': EACCES
2023-04-17 20:08:31,516 INFO spawnerr: unknown error making dispatchers for 'horizon': EACCES
2023-04-17 20:08:34,518 INFO spawnerr: unknown error making dispatchers for 'horizon': EACCES
2023-04-17 20:08:34,518 INFO gave up: horizon entered FATAL state, too many start retries too quickly
2023-04-17 20:11:08,916 CRIT Supervisor is running as root.  Privileges were not dropped because no user is specified in the config file.  If you intend to run as root, you can set user=root in the config file to avoid this message.
2023-04-17 20:11:08,919 INFO daemonizing the supervisord process
2023-04-17 20:11:08,925 INFO supervisord started with pid 7
2023-04-17 20:11:09,928 INFO spawned: 'horizon' with pid 9
2023-04-17 20:11:11,890 INFO success: horizon entered RUNNING state, process has stayed up for > than 1 seconds (startsecs)
2023-04-17 20:17:20,535 CRIT Supervisor is running as root.  Privileges were not dropped because no user is specified in the config file.  If you intend to run as root, you can set user=root in the config file to avoid this message.
2023-04-17 20:17:20,539 INFO daemonizing the supervisord process
2023-04-17 20:17:20,543 INFO supervisord started with pid 8
2023-04-17 20:17:21,546 INFO spawned: 'horizon' with pid 10
2023-04-17 20:17:23,395 INFO success: horizon entered RUNNING state, process has stayed up for > than 1 seconds (startsecs)
2023-04-17 20:25:00,890 CRIT Supervisor is running as root.  Privileges were not dropped because no user is specified in the config file.  If you intend to run as root, you can set user=root in the config file to avoid this message.
2023-04-17 20:25:00,895 INFO daemonizing the supervisord process
2023-04-17 20:25:00,899 INFO supervisord started with pid 7
2023-04-17 20:25:01,901 INFO spawned: 'horizon' with pid 9
2023-04-17 20:25:03,781 INFO success: horizon entered RUNNING state, process has stayed up for > than 1 seconds (startsecs)
2023-04-17 20:29:59,903 CRIT Supervisor is running as root.  Privileges were not dropped because no user is specified in the config file.  If you intend to run as root, you can set user=root in the config file to avoid this message.
2023-04-17 20:29:59,906 INFO daemonizing the supervisord process
2023-04-17 20:29:59,910 INFO supervisord started with pid 8
2023-04-17 20:30:00,913 INFO spawned: 'horizon' with pid 10
2023-04-17 20:30:02,822 INFO success: horizon entered RUNNING state, process has stayed up for > than 1 seconds (startsecs)
2023-04-17 20:38:56,610 CRIT Supervisor is running as root.  Privileges were not dropped because no user is specified in the config file.  If you intend to run as root, you can set user=root in the config file to avoid this message.
2023-04-17 20:38:56,614 INFO daemonizing the supervisord process
2023-04-17 20:38:56,624 INFO supervisord started with pid 8
2023-04-17 20:38:57,626 INFO spawned: 'horizon' with pid 10
2023-04-17 20:38:59,502 INFO success: horizon entered RUNNING state, process has stayed up for > than 1 seconds (startsecs)
2023-04-17 20:44:39,639 CRIT Supervisor is running as root.  Privileges were not dropped because no user is specified in the config file.  If you intend to run as root, you can set user=root in the config file to avoid this message.
2023-04-17 20:44:39,643 INFO daemonizing the supervisord process
2023-04-17 20:44:39,647 INFO supervisord started with pid 8
2023-04-17 20:44:40,650 INFO spawned: 'horizon' with pid 10
2023-04-17 20:44:42,510 INFO success: horizon entered RUNNING state, process has stayed up for > than 1 seconds (startsecs)
2023-04-17 20:47:12,198 CRIT Supervisor is running as root.  Privileges were not dropped because no user is specified in the config file.  If you intend to run as root, you can set user=root in the config file to avoid this message.
2023-04-17 20:47:12,201 INFO daemonizing the supervisord process
2023-04-17 20:47:12,204 INFO supervisord started with pid 8
2023-04-17 20:47:13,206 INFO spawned: 'horizon' with pid 10
2023-04-17 20:47:15,066 INFO success: horizon entered RUNNING state, process has stayed up for > than 1 seconds (startsecs)
2023-04-17 20:51:54,617 CRIT Supervisor is running as root.  Privileges were not dropped because no user is specified in the config file.  If you intend to run as root, you can set user=root in the config file to avoid this message.
2023-04-17 20:51:54,620 INFO daemonizing the supervisord process
2023-04-17 20:51:54,622 INFO supervisord started with pid 8
2023-04-17 20:51:55,625 INFO spawned: 'horizon' with pid 10
2023-04-17 20:51:57,454 INFO success: horizon entered RUNNING state, process has stayed up for > than 1 seconds (startsecs)
2023-04-18 09:34:26,242 CRIT Supervisor is running as root.  Privileges were not dropped because no user is specified in the config file.  If you intend to run as root, you can set user=root in the config file to avoid this message.
2023-04-18 09:34:26,244 INFO daemonizing the supervisord process
2023-04-18 09:34:26,249 INFO supervisord started with pid 8
2023-04-18 09:34:27,251 INFO spawned: 'horizon' with pid 10
2023-04-18 09:34:29,199 INFO success: horizon entered RUNNING state, process has stayed up for > than 1 seconds (startsecs)
2023-04-18 09:40:02,100 CRIT Supervisor is running as root.  Privileges were not dropped because no user is specified in the config file.  If you intend to run as root, you can set user=root in the config file to avoid this message.
2023-04-18 09:40:02,104 INFO daemonizing the supervisord process
2023-04-18 09:40:02,107 INFO supervisord started with pid 8
2023-04-18 09:40:03,110 INFO spawned: 'horizon' with pid 10
2023-04-18 09:40:04,998 INFO success: horizon entered RUNNING state, process has stayed up for > than 1 seconds (startsecs)
2023-04-18 09:49:54,347 CRIT Supervisor is running as root.  Privileges were not dropped because no user is specified in the config file.  If you intend to run as root, you can set user=root in the config file to avoid this message.
2023-04-18 09:49:54,352 INFO daemonizing the supervisord process
2023-04-18 09:49:54,356 INFO supervisord started with pid 8
2023-04-18 09:49:55,360 INFO spawned: 'horizon' with pid 10
2023-04-18 09:49:56,362 INFO success: horizon entered RUNNING state, process has stayed up for > than 1 seconds (startsecs)
2023-04-18 10:15:07,806 CRIT Supervisor is running as root.  Privileges were not dropped because no user is specified in the config file.  If you intend to run as root, you can set user=root in the config file to avoid this message.
2023-04-18 10:15:07,809 INFO daemonizing the supervisord process
2023-04-18 10:15:07,813 INFO supervisord started with pid 8
2023-04-18 10:15:08,815 INFO spawned: 'horizon' with pid 10
2023-04-18 10:15:09,817 INFO success: horizon entered RUNNING state, process has stayed up for > than 1 seconds (startsecs)
2023-04-18 15:06:48,678 CRIT Supervisor is running as root.  Privileges were not dropped because no user is specified in the config file.  If you intend to run as root, you can set user=root in the config file to avoid this message.
2023-04-18 15:06:48,682 INFO daemonizing the supervisord process
2023-04-18 15:06:48,686 INFO supervisord started with pid 8
2023-04-18 15:06:49,689 INFO spawned: 'horizon' with pid 10
2023-04-18 15:06:51,617 INFO success: horizon entered RUNNING state, process has stayed up for > than 1 seconds (startsecs)
2023-04-18 15:21:32,473 CRIT Supervisor is running as root.  Privileges were not dropped because no user is specified in the config file.  If you intend to run as root, you can set user=root in the config file to avoid this message.
2023-04-18 15:21:32,478 INFO daemonizing the supervisord process
2023-04-18 15:21:32,481 INFO supervisord started with pid 8
2023-04-18 15:21:33,484 INFO spawned: 'horizon' with pid 10
2023-04-18 15:21:35,435 INFO success: horizon entered RUNNING state, process has stayed up for > than 1 seconds (startsecs)
2023-04-18 16:57:07,260 CRIT Supervisor is running as root.  Privileges were not dropped because no user is specified in the config file.  If you intend to run as root, you can set user=root in the config file to avoid this message.
2023-04-18 16:57:07,263 INFO daemonizing the supervisord process
2023-04-18 16:57:07,269 INFO supervisord started with pid 7
2023-04-18 16:57:08,272 INFO spawned: 'horizon' with pid 9
2023-04-18 16:57:10,161 INFO success: horizon entered RUNNING state, process has stayed up for > than 1 seconds (startsecs)
2023-04-18 16:58:26,726 CRIT Supervisor is running as root.  Privileges were not dropped because no user is specified in the config file.  If you intend to run as root, you can set user=root in the config file to avoid this message.
2023-04-18 16:58:26,730 INFO daemonizing the supervisord process
2023-04-18 16:58:26,732 INFO supervisord started with pid 8
2023-04-18 16:58:27,735 INFO spawned: 'horizon' with pid 10
2023-04-18 16:58:29,656 INFO success: horizon entered RUNNING state, process has stayed up for > than 1 seconds (startsecs)
2023-04-21 13:19:34,358 CRIT Supervisor is running as root.  Privileges were not dropped because no user is specified in the config file.  If you intend to run as root, you can set user=root in the config file to avoid this message.
2023-04-21 13:19:34,361 INFO daemonizing the supervisord process
2023-04-21 13:19:34,367 INFO supervisord started with pid 7
2023-04-21 13:19:35,369 INFO spawned: 'horizon' with pid 9
2023-04-21 13:19:37,271 INFO success: horizon entered RUNNING state, process has stayed up for > than 1 seconds (startsecs)
2023-04-21 19:50:51,069 CRIT Supervisor is running as root.  Privileges were not dropped because no user is specified in the config file.  If you intend to run as root, you can set user=root in the config file to avoid this message.
2023-04-21 19:50:51,073 INFO daemonizing the supervisord process
2023-04-21 19:50:51,076 INFO supervisord started with pid 9
2023-04-21 19:50:52,078 INFO spawned: 'horizon' with pid 11
2023-04-21 19:50:54,023 INFO success: horizon entered RUNNING state, process has stayed up for > than 1 seconds (startsecs)
2023-04-21 19:53:39,492 CRIT Supervisor is running as root.  Privileges were not dropped because no user is specified in the config file.  If you intend to run as root, you can set user=root in the config file to avoid this message.
2023-04-21 19:53:39,496 INFO daemonizing the supervisord process
2023-04-21 19:53:39,499 INFO supervisord started with pid 8
2023-04-21 19:53:40,502 INFO spawned: 'horizon' with pid 10
2023-04-21 19:53:42,458 INFO success: horizon entered RUNNING state, process has stayed up for > than 1 seconds (startsecs)
2023-04-21 19:54:39,857 CRIT Supervisor is running as root.  Privileges were not dropped because no user is specified in the config file.  If you intend to run as root, you can set user=root in the config file to avoid this message.
2023-04-21 19:54:39,861 INFO daemonizing the supervisord process
2023-04-21 19:54:39,864 INFO supervisord started with pid 8
2023-04-21 19:54:40,867 INFO spawned: 'horizon' with pid 10
2023-04-21 19:54:42,764 INFO success: horizon entered RUNNING state, process has stayed up for > than 1 seconds (startsecs)
2023-04-21 19:56:09,083 CRIT Supervisor is running as root.  Privileges were not dropped because no user is specified in the config file.  If you intend to run as root, you can set user=root in the config file to avoid this message.
2023-04-21 19:56:09,089 INFO daemonizing the supervisord process
2023-04-21 19:56:09,092 INFO supervisord started with pid 8
2023-04-21 19:56:10,094 INFO spawned: 'horizon' with pid 10
2023-04-21 19:56:11,971 INFO success: horizon entered RUNNING state, process has stayed up for > than 1 seconds (startsecs)
2023-04-21 19:59:02,597 CRIT Supervisor is running as root.  Privileges were not dropped because no user is specified in the config file.  If you intend to run as root, you can set user=root in the config file to avoid this message.
2023-04-21 19:59:02,601 INFO daemonizing the supervisord process
2023-04-21 19:59:02,603 INFO supervisord started with pid 8
2023-04-21 19:59:03,605 INFO spawned: 'horizon' with pid 10
2023-04-21 19:59:05,404 INFO success: horizon entered RUNNING state, process has stayed up for > than 1 seconds (startsecs)
2023-04-25 08:44:13,805 CRIT Supervisor is running as root.  Privileges were not dropped because no user is specified in the config file.  If you intend to run as root, you can set user=root in the config file to avoid this message.
2023-04-25 08:44:13,809 INFO daemonizing the supervisord process
2023-04-25 08:44:13,816 INFO supervisord started with pid 8
2023-04-25 08:44:14,819 INFO spawned: 'horizon' with pid 10
2023-04-25 08:44:16,725 INFO success: horizon entered RUNNING state, process has stayed up for > than 1 seconds (startsecs)
2023-04-25 08:45:04,203 CRIT Supervisor is running as root.  Privileges were not dropped because no user is specified in the config file.  If you intend to run as root, you can set user=root in the config file to avoid this message.
2023-04-25 08:45:04,206 INFO daemonizing the supervisord process
2023-04-25 08:45:04,209 INFO supervisord started with pid 8
2023-04-25 08:45:05,212 INFO spawned: 'horizon' with pid 10
2023-04-25 08:45:07,105 INFO success: horizon entered RUNNING state, process has stayed up for > than 1 seconds (startsecs)
2023-04-25 08:46:53,446 CRIT Supervisor is running as root.  Privileges were not dropped because no user is specified in the config file.  If you intend to run as root, you can set user=root in the config file to avoid this message.
2023-04-25 08:46:53,448 INFO daemonizing the supervisord process
2023-04-25 08:46:53,452 INFO supervisord started with pid 7
2023-04-25 08:46:54,455 INFO spawned: 'horizon' with pid 9
2023-04-25 08:46:56,373 INFO success: horizon entered RUNNING state, process has stayed up for > than 1 seconds (startsecs)
2023-04-25 08:47:39,662 CRIT Supervisor is running as root.  Privileges were not dropped because no user is specified in the config file.  If you intend to run as root, you can set user=root in the config file to avoid this message.
2023-04-25 08:47:39,665 INFO daemonizing the supervisord process
2023-04-25 08:47:39,671 INFO supervisord started with pid 8
2023-04-25 08:47:40,674 INFO spawned: 'horizon' with pid 10
2023-04-25 08:47:42,581 INFO success: horizon entered RUNNING state, process has stayed up for > than 1 seconds (startsecs)
2023-04-25 08:55:13,936 CRIT Supervisor is running as root.  Privileges were not dropped because no user is specified in the config file.  If you intend to run as root, you can set user=root in the config file to avoid this message.
2023-04-25 08:55:13,940 INFO daemonizing the supervisord process
2023-04-25 08:55:13,943 INFO supervisord started with pid 8
2023-04-25 08:55:14,945 INFO spawned: 'horizon' with pid 10
2023-04-25 08:55:16,848 INFO success: horizon entered RUNNING state, process has stayed up for > than 1 seconds (startsecs)
2023-04-25 08:58:53,624 CRIT Supervisor is running as root.  Privileges were not dropped because no user is specified in the config file.  If you intend to run as root, you can set user=root in the config file to avoid this message.
2023-04-25 08:58:53,628 INFO daemonizing the supervisord process
2023-04-25 08:58:53,636 INFO supervisord started with pid 7
2023-04-25 08:58:54,638 INFO spawned: 'horizon' with pid 9
2023-04-25 08:58:56,539 INFO success: horizon entered RUNNING state, process has stayed up for > than 1 seconds (startsecs)
2023-04-25 12:00:29,139 CRIT Supervisor is running as root.  Privileges were not dropped because no user is specified in the config file.  If you intend to run as root, you can set user=root in the config file to avoid this message.
2023-04-25 12:00:29,143 INFO daemonizing the supervisord process
2023-04-25 12:00:29,148 INFO supervisord started with pid 7
2023-04-25 12:00:30,151 INFO spawned: 'horizon' with pid 9
2023-04-25 12:00:32,052 INFO success: horizon entered RUNNING state, process has stayed up for > than 1 seconds (startsecs)
2023-04-25 12:10:42,572 CRIT Supervisor is running as root.  Privileges were not dropped because no user is specified in the config file.  If you intend to run as root, you can set user=root in the config file to avoid this message.
2023-04-25 12:10:42,575 INFO daemonizing the supervisord process
2023-04-25 12:10:42,579 INFO supervisord started with pid 7
2023-04-25 12:10:43,582 INFO spawned: 'horizon' with pid 9
2023-04-25 12:10:45,561 INFO success: horizon entered RUNNING state, process has stayed up for > than 1 seconds (startsecs)
2023-04-25 12:14:21,911 CRIT Supervisor is running as root.  Privileges were not dropped because no user is specified in the config file.  If you intend to run as root, you can set user=root in the config file to avoid this message.
2023-04-25 12:14:21,914 INFO daemonizing the supervisord process
2023-04-25 12:14:21,921 INFO supervisord started with pid 8
2023-04-25 12:14:22,922 INFO spawned: 'horizon' with pid 10
2023-04-25 12:14:24,803 INFO success: horizon entered RUNNING state, process has stayed up for > than 1 seconds (startsecs)
2023-04-25 12:33:20,860 CRIT Supervisor is running as root.  Privileges were not dropped because no user is specified in the config file.  If you intend to run as root, you can set user=root in the config file to avoid this message.
2023-04-25 12:33:20,864 INFO daemonizing the supervisord process
2023-04-25 12:33:20,872 INFO supervisord started with pid 8
2023-04-25 12:33:21,875 INFO spawned: 'horizon' with pid 10
2023-04-25 12:33:23,766 INFO success: horizon entered RUNNING state, process has stayed up for > than 1 seconds (startsecs)
2023-04-25 13:01:03,670 CRIT Supervisor is running as root.  Privileges were not dropped because no user is specified in the config file.  If you intend to run as root, you can set user=root in the config file to avoid this message.
2023-04-25 13:01:03,674 INFO daemonizing the supervisord process
2023-04-25 13:01:03,677 INFO supervisord started with pid 8
2023-04-25 13:01:04,679 INFO spawned: 'horizon' with pid 10
2023-04-25 13:01:06,647 INFO success: horizon entered RUNNING state, process has stayed up for > than 1 seconds (startsecs)
2023-04-25 13:05:59,789 CRIT Supervisor is running as root.  Privileges were not dropped because no user is specified in the config file.  If you intend to run as root, you can set user=root in the config file to avoid this message.
2023-04-25 13:05:59,793 INFO daemonizing the supervisord process
2023-04-25 13:05:59,796 INFO supervisord started with pid 8
2023-04-25 13:06:00,799 INFO spawned: 'horizon' with pid 10
2023-04-25 13:06:02,713 INFO success: horizon entered RUNNING state, process has stayed up for > than 1 seconds (startsecs)
2023-04-25 13:16:03,837 CRIT Supervisor is running as root.  Privileges were not dropped because no user is specified in the config file.  If you intend to run as root, you can set user=root in the config file to avoid this message.
2023-04-25 13:16:03,841 INFO daemonizing the supervisord process
2023-04-25 13:16:03,844 INFO supervisord started with pid 8
2023-04-25 13:16:04,846 INFO spawned: 'horizon' with pid 10
2023-04-25 13:16:06,739 INFO success: horizon entered RUNNING state, process has stayed up for > than 1 seconds (startsecs)
2023-04-25 13:17:23,902 CRIT Supervisor is running as root.  Privileges were not dropped because no user is specified in the config file.  If you intend to run as root, you can set user=root in the config file to avoid this message.
2023-04-25 13:17:23,905 INFO daemonizing the supervisord process
2023-04-25 13:17:23,908 INFO supervisord started with pid 8
2023-04-25 13:17:24,911 INFO spawned: 'horizon' with pid 10
2023-04-25 13:17:26,873 INFO success: horizon entered RUNNING state, process has stayed up for > than 1 seconds (startsecs)
